SQL> /

SSN                                                                             
---------                                                                       
123456789                                                                       
333445555                                                                       
999887777                                                                       
987654321                                                                       
666884444                                                                       
453453453                                                                       
987987987                                                                       
888665555                                                                       

8 rows selected.

SQL> @Q1;

FNAME    LNAME    ADDRESS                                                       
-------- -------- -------------------------                                     
John     Smith    731 Fondren, Houston, TX                                      
Franklin Wong     638 Voss, Houston, TX                                         
Ramesh   Narayan  975 Fire Oak, Humble, TX                                      
Joyce    English  5631 Rice, Houston, TX                                        

SQL> spool off
