

***********************************************************************
Fatal NI connect error 12545, connecting to:
 (DESCRIPTION=(ADDRESS=(PROTOCOL=beq)(PROGRAM=/usr/local/ora9/product/9.2/bin/oracle)(ARGV0=oracleoracs)(ARGS='(DESCRIPTION=(LOCAL=YES)(ADDRESS=(PROTOCOL=beq)))')(DETACH=NO))(CONNECT_DATA=(CID=(PROGRAM=)(HOST=onyx.boisestate.edu)(USER=jhyeh))))

  VERSION INFORMATION:
	TNS for Linux: Version 9.2.0.1.0 - Production
	Oracle Bequeath NT Protocol Adapter for Linux: Version 9.2.0.1.0 - Production
  Time: 03-MAR-2004 15:35:55
  Tracing not turned on.
  Tns error struct:
    nr err code: 0
    ns main err code: 12545
    TNS-12545: Connect failed because target host or object does not exist
    ns secondary err code: 12560
    nt main err code: 515
    TNS-00515: Connect failed because target host or object does not exist
    nt secondary err code: 2
    nt OS err code: 0


***********************************************************************
Fatal NI connect error 12545, connecting to:
 (DESCRIPTION=(ADDRESS=(PROTOCOL=beq)(PROGRAM=/usr/local/ora9/product/9.2/bin/oracle)(ARGV0=oracleoracs)(ARGS='(DESCRIPTION=(LOCAL=YES)(ADDRESS=(PROTOCOL=beq)))')(DETACH=NO))(CONNECT_DATA=(CID=(PROGRAM=)(HOST=onyx.boisestate.edu)(USER=jhyeh))))

  VERSION INFORMATION:
	TNS for Linux: Version 9.2.0.1.0 - Production
	Oracle Bequeath NT Protocol Adapter for Linux: Version 9.2.0.1.0 - Production
  Time: 03-MAR-2004 15:36:01
  Tracing not turned on.
  Tns error struct:
    nr err code: 0
    ns main err code: 12545
    TNS-12545: Connect failed because target host or object does not exist
    ns secondary err code: 12560
    nt main err code: 515
    TNS-00515: Connect failed because target host or object does not exist
    nt secondary err code: 2
    nt OS err code: 0
