Build started 12/3/2013 1:05:17 AM.
     1>Project "C:\Users\Milson\Downloads\lab3\lab3\lab3\lab3.vcxproj" on node 2 (rebuild target(s)).
     1>PrepareForBuild:
         Creating directory "C:\Users\Milson\Downloads\lab3\lab3\Release\".
       InitializeBuildStatus:
         Creating "Release\lab3.unsuccessfulbuild" because "AlwaysCreate" was specified.
       GenerateTargetFrameworkMonikerAttribute:
       Skipping target "GenerateTargetFrameworkMonikerAttribute" because all output files are up-to-date with respect to the input files.
       ClCompile:
         C:\Program Files (x86)\Microsoft Visual Studio 10.0\VC\bin\CL.exe /c /AI"C:\Program Files (x86)\Reference Assemblies\Microsoft\Framework\.NETFramework\v4.0" /Zi /clr:pure /nologo /W3 /WX- /O2 /Oy- /GL /D WIN32 /D NDEBUG /D _UNICODE /D UNICODE /EHa /MD /GS /fp:precise /Zc:wchar_t /Zc:forScope /Yc"StdAfx.h" /Fp"Release\lab3.pch" /Fo"Release\\" /Fd"Release\vc100.pdb" /TP /FU"C:\Program Files (x86)\Reference Assemblies\Microsoft\Framework\.NETFramework\v4.0\System.Core.dll" /FU"C:\Program Files (x86)\Reference Assemblies\Microsoft\Framework\.NETFramework\v4.0\System.Data.dll" /FU"C:\Program Files (x86)\Reference Assemblies\Microsoft\Framework\.NETFramework\v4.0\System.dll" /FU"C:\Program Files (x86)\Reference Assemblies\Microsoft\Framework\.NETFramework\v4.0\System.Drawing.dll" /FU"C:\Program Files (x86)\Reference Assemblies\Microsoft\Framework\.NETFramework\v4.0\System.Windows.Forms.dll" /FU"C:\Program Files (x86)\Reference Assemblies\Microsoft\Framework\.NETFramework\v4.0\System.Xml.dll" /analyze- /errorReport:prompt stdafx.cpp /clr:nostdlib 
         stdafx.cpp
         C:\Program Files (x86)\Microsoft Visual Studio 10.0\VC\bin\CL.exe /c /AI"C:\Program Files (x86)\Reference Assemblies\Microsoft\Framework\.NETFramework\v4.0" /Zi /clr:pure /nologo /W3 /WX- /O2 /Oy- /GL /D WIN32 /D NDEBUG /D _UNICODE /D UNICODE /EHa /MD /GS /fp:precise /Zc:wchar_t /Zc:forScope /Yu"StdAfx.h" /Fp"Release\lab3.pch" /Fo"Release\\" /Fd"Release\vc100.pdb" /TP /FU"C:\Program Files (x86)\Reference Assemblies\Microsoft\Framework\.NETFramework\v4.0\System.Core.dll" /FU"C:\Program Files (x86)\Reference Assemblies\Microsoft\Framework\.NETFramework\v4.0\System.Data.dll" /FU"C:\Program Files (x86)\Reference Assemblies\Microsoft\Framework\.NETFramework\v4.0\System.dll" /FU"C:\Program Files (x86)\Reference Assemblies\Microsoft\Framework\.NETFramework\v4.0\System.Drawing.dll" /FU"C:\Program Files (x86)\Reference Assemblies\Microsoft\Framework\.NETFramework\v4.0\System.Windows.Forms.dll" /FU"C:\Program Files (x86)\Reference Assemblies\Microsoft\Framework\.NETFramework\v4.0\System.Xml.dll" /analyze- /errorReport:prompt AssemblyInfo.cpp lab3.cpp /clr:nostdlib 
         AssemblyInfo.cpp
         lab3.cpp
     1>c:\users\milson\downloads\lab3\lab3\lab3\histo.h(39): warning C4244: 'initializing' : conversion from 'double' to 'int', possible loss of data
     1>c:\users\milson\downloads\lab3\lab3\lab3\histo.h(95): warning C4244: 'initializing' : conversion from 'double' to 'int', possible loss of data
     1>c:\users\milson\downloads\lab3\lab3\lab3\histo.h(100): warning C4244: 'initializing' : conversion from 'double' to 'int', possible loss of data
     1>c:\users\milson\downloads\lab3\lab3\lab3\histo.h(146): warning C4244: 'initializing' : conversion from 'float' to 'int', possible loss of data
     1>c:\users\milson\downloads\lab3\lab3\lab3\histo.h(252): error C2653: 'Convert' : is not a class or namespace name
     1>c:\users\milson\downloads\lab3\lab3\lab3\histo.h(252): error C2653: 'Convert' : is not a class or namespace name
     1>c:\users\milson\downloads\lab3\lab3\lab3\histo.h(252): error C2653: 'Convert' : is not a class or namespace name
     1>c:\users\milson\downloads\lab3\lab3\lab3\histo.h(252): error C3861: 'ToInt32': identifier not found
     1>c:\users\milson\downloads\lab3\lab3\lab3\histo.h(252): error C3861: 'ToInt32': identifier not found
     1>c:\users\milson\downloads\lab3\lab3\lab3\histo.h(252): error C3861: 'ToInt32': identifier not found
     1>c:\users\milson\downloads\lab3\lab3\lab3\Form1.h(313): warning C4244: 'initializing' : conversion from 'double' to 'int', possible loss of data
     1>c:\users\milson\downloads\lab3\lab3\lab3\Form1.h(472): warning C4244: 'argument' : conversion from 'int' to 'float', possible loss of data
     1>Done Building Project "C:\Users\Milson\Downloads\lab3\lab3\lab3\lab3.vcxproj" (rebuild target(s)) -- FAILED.

Build FAILED.

Time Elapsed 00:00:00.86
